file /home/yue/zsim/SConstruct,line 150:
	Configure(confdir = build/opt/.sconf_temp)
scons: Configure: Checking for C library hdf5... 
scons: Configure: "build/opt/.sconf_temp/conftest_0.c" is up to date.
scons: Configure: The original builder output was:
  |build/opt/.sconf_temp/conftest_0.c <-
  |  |
  |  |
  |  |
  |  |int
  |  |main() {
  |  |  
  |  |return 0;
  |  |}
  |  |
  |
scons: Configure: "build/opt/.sconf_temp/conftest_0.o" is up to date.
scons: Configure: The original builder output was:
  |gcc -o build/opt/.sconf_temp/conftest_0.o -c build/opt/.sconf_temp/conftest_0.c
  |
scons: Configure: Building "build/opt/.sconf_temp/conftest_0" failed in a previous run and all its sources are up to date.
scons: Configure: The original builder output was:
  |gcc -o build/opt/.sconf_temp/conftest_0 build/opt/.sconf_temp/conftest_0.o -lhdf5
  |
scons: Configure: (cached) no

scons: Configure: Checking for C library hdf5_serial... 
scons: Configure: "build/opt/.sconf_temp/conftest_1.c" is up to date.
scons: Configure: The original builder output was:
  |build/opt/.sconf_temp/conftest_1.c <-
  |  |
  |  |
  |  |
  |  |int
  |  |main() {
  |  |  
  |  |return 0;
  |  |}
  |  |
  |
scons: Configure: "build/opt/.sconf_temp/conftest_1.o" is up to date.
scons: Configure: The original builder output was:
  |gcc -o build/opt/.sconf_temp/conftest_1.o -c build/opt/.sconf_temp/conftest_1.c
  |
scons: Configure: "build/opt/.sconf_temp/conftest_1" is up to date.
scons: Configure: The original builder output was:
  |gcc -o build/opt/.sconf_temp/conftest_1 build/opt/.sconf_temp/conftest_1.o -lhdf5_serial
  |
scons: Configure: (cached) yes

scons: Configure: Checking for C library hdf5_serial_hl... 
scons: Configure: "build/opt/.sconf_temp/conftest_2.c" is up to date.
scons: Configure: The original builder output was:
  |build/opt/.sconf_temp/conftest_2.c <-
  |  |
  |  |
  |  |
  |  |int
  |  |main() {
  |  |  
  |  |return 0;
  |  |}
  |  |
  |
scons: Configure: "build/opt/.sconf_temp/conftest_2.o" is up to date.
scons: Configure: The original builder output was:
  |gcc -o build/opt/.sconf_temp/conftest_2.o -c build/opt/.sconf_temp/conftest_2.c
  |
scons: Configure: "build/opt/.sconf_temp/conftest_2" is up to date.
scons: Configure: The original builder output was:
  |gcc -o build/opt/.sconf_temp/conftest_2 build/opt/.sconf_temp/conftest_2.o -lhdf5_serial -lhdf5_serial_hl
  |
scons: Configure: (cached) yes

